Fri 11:00 S.1|evnt5605.txt
Fri 11:30 S.1|evnt5376.txt
Fri 12:00 Lnge|evnt5638.txt
Fri 12:45 S.2|evnt5610.txt
Fri 12:45 S.G|evnt5415.txt
Fri 12:45 S.6|evnt5377.txt
Fri 14:00 S.1|evnt5281.txt
Fri 14:00 S.2|evnt5307.txt
Fri 14:00 S.G|evnt5497.txt
Fri 14:00 S.6|evnt5224.txt
Fri 14:00 Lnge|evnt5639.txt
Fri 16:00 S.1|evnt5634.txt
Fri 16:00 S.2|evnt5476.txt
Fri 16:00 S.G|evnt5298.txt
Fri 16:00 S.6|evnt5509.txt
Fri 16:00 Lnge|evnt5700.txt
Fri 16:35 S.17|evnt5662.txt
Fri 16:45 S.6|evnt5311.txt
Fri 17:15 S.1|evnt5449.txt
Fri 17:15 S.2|evnt5337.txt
Fri 17:15 S.G|evnt5527.txt
Fri 17:30 S.6|evnt5447.txt
Fri 18:00 S.17|evnt5663.txt
Fri 18:00 Lnge|evnt5686.txt
Fri 18:30 S.1|evnt5412.txt
Fri 18:30 S.2|evnt5529.txt
Fri 18:30 S.G|evnt5536.txt
Fri 19:00 S.6|evnt5142.txt
Fri 19:30 S.1|evnt5622.txt
Fri 20:00 S.17|evnt5664.txt
Fri 20:00 Vlla|evnt5681.txt
Fri 20:00 Lnge|evnt5687.txt
Fri 20:30 S.1|evnt5423.txt
Fri 20:30 S.2|evnt5290.txt
Fri 20:30 S.G|evnt5613.txt
Fri 20:30 S.6|evnt5387.txt
Fri 20:30 Wdlg|evnt5698.txt
Fri 21:00 Lnge|evnt5640.txt
Fri 21:45 S.1|evnt5618.txt
Fri 21:45 S.2|evnt5348.txt
Fri 21:45 S.G|evnt5474.txt
Fri 21:45 S.6|evnt5212.txt
Fri 23:00 S.1|evnt5491.txt
Fri 23:00 S.2|evnt5398.txt
Fri 23:00 S.G|evnt5305.txt
Fri 23:00 S.6|evnt5356.txt
Sat 00:00 S.1|evnt5577.txt
Sat 00:00 S.2|evnt5614.txt
Sat 00:00 S.17|evnt5665.txt
Sat 00:00 Lnge|evnt5641.txt
Sat 00:30 S.2|evnt5544.txt
Sat 01:30 Lnge|evnt5642.txt
Sat 03:00 Lnge|evnt5643.txt
Sat 11:30 S.1|evnt5214.txt
Sat 11:30 S.2|evnt5611.txt
Sat 11:30 S.G|evnt5394.txt
Sat 11:30 S.6|evnt5468.txt
Sat 12:00 Lnge|evnt5644.txt
Sat 12:45 S.1|evnt5537.txt
Sat 12:45 S.2|evnt5533.txt
Sat 12:45 S.G|evnt5562.txt
Sat 12:45 S.6|evnt5417.txt
Sat 14:00 S.1|evnt5463.txt
Sat 14:00 S.2|evnt5601.txt
Sat 14:00 S.6|evnt5554.txt
Sat 14:00 S.17|evnt5666.txt
Sat 14:00 Lnge|evnt5645.txt
Sat 15:00 S.17|evnt5667.txt
Sat 15:00 Vlla|evnt5694.txt
Sat 16:00 S.1|evnt5612.txt
Sat 16:00 S.2|evnt5360.txt
Sat 16:00 S.G|evnt5588.txt
Sat 16:00 S.6|evnt5453.txt
Sat 16:00 Lnge|evnt5646.txt
Sat 16:30 S.17|evnt5668.txt
Sat 16:45 S.6|evnt5607.txt
Sat 17:15 S.1|evnt5193.txt
Sat 17:15 S.G|evnt5185.txt
Sat 17:30 S.6|evnt5547.txt
Sat 17:30 S.17|evnt5669.txt
Sat 18:00 S.17|evnt5670.txt
Sat 18:00 Lnge|evnt5647.txt
Sat 18:15 S.6|evnt5566.txt
Sat 18:30 S.1|evnt5339.txt
Sat 18:30 S.2|evnt5591.txt
Sat 18:30 S.G|evnt5443.txt
Sat 19:00 S.6|evnt5425.txt
Sat 19:30 Vlla|evnt5382.txt
Sat 20:00 Vlla|evnt5689.txt
Sat 20:00 Lnge|evnt5648.txt
Sat 20:30 S.1|evnt5548.txt
Sat 20:30 S.2|evnt5542.txt
Sat 20:30 S.G|evnt5210.txt
Sat 20:30 S.6|evnt5416.txt
Sat 21:30 Lnge|evnt5649.txt
Sat 21:45 S.1|evnt5459.txt
Sat 21:45 S.2|evnt5440.txt
Sat 21:45 S.6|evnt5186.txt
Sat 22:00 S.G|evnt5446.txt
Sat 22:45 S.G|evnt5437.txt
Sat 23:00 S.1|evnt5604.txt
Sat 23:00 S.2|evnt5582.txt
Sat 23:00 S.6|evnt5361.txt
Sat 23:10 Lnge|evnt5701.txt
Sat 23:30 S.G|evnt5319.txt
