Sun 00:00 S.1|evnt5608.txt
Sun 00:00 S.G|evnt5465.txt
Sun 00:00 Vlla|evnt5695.txt
Sun 00:30 Lnge|evnt5650.txt
Sun 02:00 Lnge|evnt5688.txt
Sun 03:30 Lnge|evnt5702.txt
Sun 11:30 S.1|evnt5587.txt
Sun 11:30 S.2|evnt5483.txt
Sun 11:30 S.G|evnt5552.txt
Sun 11:30 S.6|evnt5391.txt
Sun 12:00 Vlla|evnt5690.txt
Sun 12:00 Lnge|evnt5651.txt
Sun 12:15 S.6|evnt5479.txt
Sun 12:45 S.1|evnt5406.txt
Sun 12:45 S.2|evnt5543.txt
Sun 12:45 S.G|evnt5563.txt
Sun 13:00 S.6|evnt5594.txt
Sun 13:00 Lnge|evnt5703.txt
Sun 13:45 S.6|evnt5420.txt
Sun 14:00 S.1|evnt5294.txt
Sun 14:00 S.2|evnt5334.txt
Sun 14:00 S.17|evnt5671.txt
Sun 14:00 Lnge|evnt5693.txt
Sun 14:30 S.6|evnt5595.txt
Sun 15:00 S.17|evnt5672.txt
Sun 15:00 Lnge|evnt5697.txt
Sun 16:00 S.1|evnt5192.txt
Sun 16:00 S.2|evnt5526.txt
Sun 16:00 S.G|evnt5475.txt
Sun 16:00 S.6|evnt5395.txt
Sun 16:00 S.17|evnt5673.txt
Sun 16:45 S.G|evnt5494.txt
Sun 17:00 S.17|evnt5674.txt
Sun 17:00 Lnge|evnt5652.txt
Sun 17:15 S.1|evnt5279.txt
Sun 17:15 S.2|evnt5590.txt
Sun 17:15 S.6|evnt5433.txt
Sun 17:30 S.G|evnt5405.txt
Sun 18:00 S.17|evnt5675.txt
Sun 18:15 S.G|evnt5469.txt
Sun 18:30 S.1|evnt5499.txt
Sun 18:30 S.2|evnt5380.txt
Sun 18:30 S.6|evnt5571.txt
Sun 19:00 S.G|evnt5500.txt
Sun 20:00 S.17|evnt5676.txt
Sun 20:00 Lnge|evnt5653.txt
Sun 20:30 S.1|evnt5295.txt
Sun 20:30 S.2|evnt5538.txt
Sun 20:30 S.G|evnt5322.txt
Sun 20:30 S.6|evnt5223.txt
Sun 20:30 Wdlg|evnt5682.txt
Sun 21:30 Lnge|evnt5654.txt
Sun 21:45 S.2|evnt5619.txt
Sun 21:45 S.G|evnt5478.txt
Sun 21:45 S.6|evnt5445.txt
Sun 22:00 S.1|evnt5545.txt
Sun 22:00 Vlla|evnt5692.txt
Sun 22:45 S.1|evnt5397.txt
Sun 23:00 S.2|evnt5502.txt
Sun 23:00 S.G|evnt5532.txt
Sun 23:00 S.6|evnt5426.txt
Sun 23:00 Lnge|evnt5655.txt
Sun 23:30 S.1|evnt5304.txt
Mon 00:00 S.1|evnt5490.txt
Mon 00:00 Vlla|evnt5696.txt
Mon 00:30 Lnge|evnt5704.txt
Mon 01:30 Lnge|evnt5656.txt
Mon 03:00 Lnge|evnt5657.txt
Mon 11:30 S.1|evnt5593.txt
Mon 11:30 S.2|evnt5439.txt
Mon 11:30 S.G|evnt5550.txt
Mon 12:00 S.17|evnt5677.txt
Mon 12:00 Lnge|evnt5658.txt
Mon 12:15 S.6|evnt5289.txt
Mon 12:45 S.1|evnt5600.txt
Mon 12:45 S.2|evnt5467.txt
Mon 12:45 S.G|evnt5564.txt
Mon 13:00 S.6|evnt5278.txt
Mon 13:45 S.6|evnt5539.txt
Mon 14:00 S.1|evnt5255.txt
Mon 14:00 S.2|evnt5421.txt
Mon 14:00 S.17|evnt5678.txt
Mon 14:30 S.6|evnt5609.txt
Mon 15:00 Lnge|evnt5659.txt
Mon 15:30 S.17|evnt5679.txt
Mon 16:00 S.2|evnt5495.txt
Mon 16:00 S.G|evnt5444.txt
Mon 16:00 S.6|evnt5293.txt
Mon 16:00 Lnge|evnt5660.txt
Mon 16:35 S.17|evnt5680.txt
Mon 17:15 S.1|evnt5413.txt
Mon 18:00 Lnge|evnt5705.txt
Mon 18:30 S.1|evnt5606.txt
Mon 19:00 Lnge|evnt5661.txt
Mon 20:00 Lnge|evnt5685.txt
Mon 21:00 Lnge|evnt5683.txt
Mon 23:00 Lnge|evnt5684.txt
