127.0.0.1|loclhost.lvl
192.168.1.1|router.lvl
rockyou.com|entry.lvl
alpenverein.de|columns.lvl
rabbit.org|bounce.lvl
date.com|lubilove.lvl
sega.com|smb.lvl
hochtiefb.au|medium.lvl
pr0n.to|lubiXOXO.lvl
pets.com|sleazy.lvl
zooland.er|sleight.lvl
snak.es|slsnake.lvl
dblclick.net|sltwice.lvl
bnd.de|sljowy.lvl
trolli.ng|23xentry.lvl
trolli.ng/b/|23xhq.lvl
esc.trolli.ng|skynet.lvl
pilzsuppe.de|slentry.lvl
lufthansa.de|slsky.lvl
plumber.net|slpipe.lvl
cr.yp.to|slgrave.lvl
airbus.fr|gnobbel.lvl
spik.es|slspike.lvl
gchq.co.uk|sclassic.lvl
nsa.gov|wrongtrn.lvl
